<!DOCTYPE html PUBLIC "-//W3C//DTD XHTML 1.1//EN" "http://www.w3.org/TR/xhtml11/DTD/xhtml11.dtd">
<html xmlns="http://www.w3.org/1999/xhtml"><head><title>TestNG Report</title><style type="text/css">table {margin-bottom:10px;border-collapse:collapse;empty-cells:show}th,td {border:1px solid #009;padding:.25em .5em}th {vertical-align:bottom}td {vertical-align:top}table a {font-weight:bold}.stripe td {background-color: #E6EBF9}.num {text-align:right}.passedodd td {background-color: #3F3}.passedeven td {background-color: #0A0}.skippedodd td {background-color: #DDD}.skippedeven td {background-color: #CCC}.failedodd td,.attn {background-color: #F33}.failedeven td,.stripe .attn {background-color: #D00}.stacktrace {white-space:pre;font-family:monospace}.totop {font-size:85%;text-align:center;border-bottom:2px solid #000}</style></head><body><table><tr><th>Test</th><th># Passed</th><th># Skipped</th><th># Failed</th><th>Time (ms)</th><th>Included Groups</th><th>Excluded Groups</th></tr><tr><th colspan="7">Falcon-Sample-WIN_10_Firefox_74</th></tr><tr><td><a href="#t0">SampleTest</a></td><td class="num">1</td><td class="num">0</td><td class="num attn">4</td><td class="num">145,286</td><td></td><td></td></tr></table><table><thead><tr><th>Class</th><th>Method</th><th>Start</th><th>Time (ms)</th></tr></thead><tbody><tr><th colspan="4">Falcon-Sample-WIN_10_Firefox_74</th></tr></tbody><tbody id="t0"><tr><th colspan="4">SampleTest &#8212; failed (configuration methods)</th></tr><tr class="failedeven"><td rowspan="1">com.qa.automation.mystoreapplication.testscript.MyStoreOrder</td><td><a href="#m0">signout</a></td><td rowspan="1">1586265461546</td><td rowspan="1">0</td></tr><tr><th colspan="4">SampleTest &#8212; failed</th></tr><tr class="failedeven"><td rowspan="4">com.qa.automation.mystoreapplication.testscript.MyStoreOrder</td><td><a href="#m1">addToCart</a></td><td rowspan="1">1586265363239</td><td rowspan="1">48415</td></tr><tr class="failedeven"><td><a href="#m2">confirmOrder</a></td><td rowspan="1">1586265460088</td><td rowspan="1">1422</td></tr><tr class="failedeven"><td><a href="#m3">performCheckout</a></td><td rowspan="1">1586265432856</td><td rowspan="1">27199</td></tr><tr class="failedeven"><td><a href="#m4">verifyOrderDetails</a></td><td rowspan="1">1586265461524</td><td rowspan="1">11</td></tr><tr><th colspan="4">SampleTest &#8212; passed</th></tr><tr class="passedeven"><td rowspan="1">com.qa.automation.mystoreapplication.testscript.MyStoreOrder</td><td><a href="#m5">signIntoMyStore</a></td><td rowspan="1">1586265316283</td><td rowspan="1">46952</td></tr></tbody></table><h2>SampleTest</h2><h3 id="m0">com.qa.automation.mystoreapplication.testscript.MyStoreOrder#signout</h3><table class="result"><tr><th>Messages</th></tr><tr><td><div class="messages">click on sign out</div></td></tr><tr><th>Exception</th></tr><tr><td><div class="stacktrace">org.openqa.selenium.NoSuchSessionException: Tried to run command without establishing a connection
Build info: version: &apos;3.6.0&apos;, revision: &apos;6fbf3ec767&apos;, time: &apos;2017-09-27T15:28:36.4Z&apos;
System info: host: &apos;ATMECSINLT-269&apos;, ip: &apos;192.168.1.106&apos;, os.name: &apos;Windows 10&apos;, os.arch: &apos;amd64&apos;, os.version: &apos;10.0&apos;, java.version: &apos;1.8.0_191&apos;
Driver info: org.openqa.selenium.firefox.FirefoxDriver
Capabilities [{moz:profile=C:\Users\mir.ali\AppData\Local\Temp\rust_mozprofileRfwKwx, rotatable=false, moz:geckodriverVersion=0.26.0, timeouts={implicit=0, pageLoad=300000, script=30000}, pageLoadStrategy=normal, unhandledPromptBehavior=dismiss and notify, strictFileInteractability=false, moz:headless=false, platform=WINDOWS, moz:accessibilityChecks=false, moz:useNonSpecCompliantPointerOrigin=false, acceptInsecureCerts=true, browserVersion=74.0, moz:shutdownTimeout=60000, platformVersion=10.0, moz:processID=19232, browserName=firefox, moz:buildID=20200309095159, javascriptEnabled=true, platformName=WINDOWS, setWindowRect=true, moz:webdriverClick=true}]
Session ID: 8fd6722e-02f7-42b0-a037-e50c7c97ee68
*** Element info: {Using=xpath, value=//a[@class=&apos;logout&apos;]}
	at org.openqa.selenium.remote.http.W3CHttpResponseCodec.createException(W3CHttpResponseCodec.java:185)
	at org.openqa.selenium.remote.http.W3CHttpResponseCodec.decode(W3CHttpResponseCodec.java:120)
	at org.openqa.selenium.remote.http.W3CHttpResponseCodec.decode(W3CHttpResponseCodec.java:49)
	at org.openqa.selenium.remote.HttpCommandExecutor.execute(HttpCommandExecutor.java:164)
	at org.openqa.selenium.remote.service.DriverCommandExecutor.execute(DriverCommandExecutor.java:83)
	at org.openqa.selenium.remote.RemoteWebDriver.execute(RemoteWebDriver.java:586)
	at org.openqa.selenium.remote.RemoteWebDriver.findElement(RemoteWebDriver.java:356)
	at org.openqa.selenium.remote.RemoteWebDriver.findElementByXPath(RemoteWebDriver.java:458)
	at org.openqa.selenium.By$ByXPath.findElement(By.java:361)
	at org.openqa.selenium.remote.RemoteWebDriver.findElement(RemoteWebDriver.java:348)
	at com.atmecs.falcon.automation.ui.selenium.Find.findElementByXpath(Find.java:73)
	at com.atmecs.falcon.automation.ui.selenium.Click.performClick(Click.java:132)
	at com.qa.automation.mystoreapplication.pages.HomePage.clickSignOut(HomePage.java:56)
	at com.qa.automation.mystoreapplication.testscript.MyStoreOrder.signout(MyStoreOrder.java:127)
	at com.qa.automation.mystoreapplication.runner.TestNGRunner.main(TestNGRunner.java:58)
	at org.codehaus.mojo.exec.ExecJavaMojo$1.run(ExecJavaMojo.java:294)
	at java.lang.Thread.run(Thread.java:748)
... Removed 27 stack frames</div></td></tr></table><p class="totop"><a href="#summary">back to summary</a></p><h3 id="m1">com.qa.automation.mystoreapplication.testscript.MyStoreOrder#addToCart</h3><table class="result"><tr><th>Messages</th></tr><tr><td><div class="messages">Adding item into cart<br/>Click on dresses<br/>click on casual dresses category<br/>selecting the product from casual dress category<br/>updating the item size<br/>click on add to cart button<br/>click on continue shopping button<br/>click on dresses<br/>click on everning dresses category<br/>selecting the product from everning dress category<br/>FAIL : Error occurred, capturing screenshot; refer to ERROR tab for more details<br/>Unknown error cannot upload screenshot to server : Connection timed out: connect<br/>Unknown error cannot upload screenshot to server : Connection timed out: connect</div></td></tr><tr><th>Exception</th></tr><tr><td><div class="stacktrace">org.openqa.selenium.ElementNotInteractableException: Element &lt;a class=&quot;button lnk_view btn btn-default&quot; href=&quot;http://automationpractice.com/index.php?id_product=4&amp;controller=product&quot;&gt; could not be scrolled into view
Build info: version: &apos;3.6.0&apos;, revision: &apos;6fbf3ec767&apos;, time: &apos;2017-09-27T15:28:36.4Z&apos;
System info: host: &apos;ATMECSINLT-269&apos;, ip: &apos;192.168.1.106&apos;, os.name: &apos;Windows 10&apos;, os.arch: &apos;amd64&apos;, os.version: &apos;10.0&apos;, java.version: &apos;1.8.0_191&apos;
Driver info: org.openqa.selenium.firefox.FirefoxDriver
Capabilities [{moz:profile=C:\Users\mir.ali\AppData\Local\Temp\rust_mozprofileRfwKwx, rotatable=false, moz:geckodriverVersion=0.26.0, timeouts={implicit=0, pageLoad=300000, script=30000}, pageLoadStrategy=normal, unhandledPromptBehavior=dismiss and notify, strictFileInteractability=false, moz:headless=false, platform=WINDOWS, moz:accessibilityChecks=false, moz:useNonSpecCompliantPointerOrigin=false, acceptInsecureCerts=true, browserVersion=74.0, moz:shutdownTimeout=60000, platformVersion=10.0, moz:processID=19232, browserName=firefox, moz:buildID=20200309095159, javascriptEnabled=true, platformName=WINDOWS, setWindowRect=true, moz:webdriverClick=true}]
Session ID: 8fd6722e-02f7-42b0-a037-e50c7c97ee68
	at org.openqa.selenium.remote.http.W3CHttpResponseCodec.createException(W3CHttpResponseCodec.java:185)
	at org.openqa.selenium.remote.http.W3CHttpResponseCodec.decode(W3CHttpResponseCodec.java:120)
	at org.openqa.selenium.remote.http.W3CHttpResponseCodec.decode(W3CHttpResponseCodec.java:49)
	at org.openqa.selenium.remote.HttpCommandExecutor.execute(HttpCommandExecutor.java:164)
	at org.openqa.selenium.remote.service.DriverCommandExecutor.execute(DriverCommandExecutor.java:83)
	at org.openqa.selenium.remote.RemoteWebDriver.execute(RemoteWebDriver.java:586)
	at org.openqa.selenium.remote.RemoteWebElement.execute(RemoteWebElement.java:279)
	at org.openqa.selenium.remote.RemoteWebElement.click(RemoteWebElement.java:83)
	at com.atmecs.falcon.automation.ui.selenium.Click.performClick(Click.java:132)
	at com.qa.automation.mystoreapplication.pages.ShoppingPage.addEveningDress(ShoppingPage.java:84)
	at com.qa.automation.mystoreapplication.testscript.MyStoreOrder.addToCart(MyStoreOrder.java:78)
	at com.qa.automation.mystoreapplication.runner.TestNGRunner.main(TestNGRunner.java:58)
	at org.codehaus.mojo.exec.ExecJavaMojo$1.run(ExecJavaMojo.java:294)
	at java.lang.Thread.run(Thread.java:748)
... Removed 29 stack frames</div></td></tr></table><p class="totop"><a href="#summary">back to summary</a></p><h3 id="m2">com.qa.automation.mystoreapplication.testscript.MyStoreOrder#confirmOrder</h3><table class="result"><tr><th>Messages</th></tr><tr><td><div class="messages">Unexpected exception occur: Tried to run command without establishing a connection
Build info: version: &apos;3.6.0&apos;, revision: &apos;6fbf3ec767&apos;, time: &apos;2017-09-27T15:28:36.4Z&apos;
System info: host: &apos;ATMECSINLT-269&apos;, ip: &apos;192.168.1.106&apos;, os.name: &apos;Windows 10&apos;, os.arch: &apos;amd64&apos;, os.version: &apos;10.0&apos;, java.version: &apos;1.8.0_191&apos;
Driver info: org.openqa.selenium.firefox.FirefoxDriver
Capabilities [{moz:profile=C:\Users\mir.ali\AppData\Local\Temp\rust_mozprofileRfwKwx, rotatable=false, moz:geckodriverVersion=0.26.0, timeouts={implicit=0, pageLoad=300000, script=30000}, pageLoadStrategy=normal, unhandledPromptBehavior=dismiss and notify, strictFileInteractability=false, moz:headless=false, platform=WINDOWS, moz:accessibilityChecks=false, moz:useNonSpecCompliantPointerOrigin=false, acceptInsecureCerts=true, browserVersion=74.0, moz:shutdownTimeout=60000, platformVersion=10.0, moz:processID=19232, browserName=firefox, moz:buildID=20200309095159, javascriptEnabled=true, platformName=WINDOWS, setWindowRect=true, moz:webdriverClick=true}]
Session ID: 8fd6722e-02f7-42b0-a037-e50c7c97ee68<br/>Unexpected exception occur: Tried to run command without establishing a connection
Build info: version: &apos;3.6.0&apos;, revision: &apos;6fbf3ec767&apos;, time: &apos;2017-09-27T15:28:36.4Z&apos;
System info: host: &apos;ATMECSINLT-269&apos;, ip: &apos;192.168.1.106&apos;, os.name: &apos;Windows 10&apos;, os.arch: &apos;amd64&apos;, os.version: &apos;10.0&apos;, java.version: &apos;1.8.0_191&apos;
Driver info: org.openqa.selenium.firefox.FirefoxDriver
Capabilities [{moz:profile=C:\Users\mir.ali\AppData\Local\Temp\rust_mozprofileRfwKwx, rotatable=false, moz:geckodriverVersion=0.26.0, timeouts={implicit=0, pageLoad=300000, script=30000}, pageLoadStrategy=normal, unhandledPromptBehavior=dismiss and notify, strictFileInteractability=false, moz:headless=false, platform=WINDOWS, moz:accessibilityChecks=false, moz:useNonSpecCompliantPointerOrigin=false, acceptInsecureCerts=true, browserVersion=74.0, moz:shutdownTimeout=60000, platformVersion=10.0, moz:processID=19232, browserName=firefox, moz:buildID=20200309095159, javascriptEnabled=true, platformName=WINDOWS, setWindowRect=true, moz:webdriverClick=true}]
Session ID: 8fd6722e-02f7-42b0-a037-e50c7c97ee68</div></td></tr><tr><th>Exception</th></tr><tr><td><div class="stacktrace">org.openqa.selenium.WebDriverException: Failed to decode response from marionette
Build info: version: &apos;3.6.0&apos;, revision: &apos;6fbf3ec767&apos;, time: &apos;2017-09-27T15:28:36.4Z&apos;
System info: host: &apos;ATMECSINLT-269&apos;, ip: &apos;192.168.1.106&apos;, os.name: &apos;Windows 10&apos;, os.arch: &apos;amd64&apos;, os.version: &apos;10.0&apos;, java.version: &apos;1.8.0_191&apos;
Driver info: org.openqa.selenium.firefox.FirefoxDriver
Capabilities [{moz:profile=C:\Users\mir.ali\AppData\Local\Temp\rust_mozprofileRfwKwx, rotatable=false, moz:geckodriverVersion=0.26.0, timeouts={implicit=0, pageLoad=300000, script=30000}, pageLoadStrategy=normal, unhandledPromptBehavior=dismiss and notify, strictFileInteractability=false, moz:headless=false, platform=WINDOWS, moz:accessibilityChecks=false, moz:useNonSpecCompliantPointerOrigin=false, acceptInsecureCerts=true, browserVersion=74.0, moz:shutdownTimeout=60000, platformVersion=10.0, moz:processID=19232, browserName=firefox, moz:buildID=20200309095159, javascriptEnabled=true, platformName=WINDOWS, setWindowRect=true, moz:webdriverClick=true}]
Session ID: 8fd6722e-02f7-42b0-a037-e50c7c97ee68
	at org.openqa.selenium.remote.http.W3CHttpResponseCodec.createException(W3CHttpResponseCodec.java:185)
	at org.openqa.selenium.remote.http.W3CHttpResponseCodec.decode(W3CHttpResponseCodec.java:120)
	at org.openqa.selenium.remote.http.W3CHttpResponseCodec.decode(W3CHttpResponseCodec.java:49)
	at org.openqa.selenium.remote.HttpCommandExecutor.execute(HttpCommandExecutor.java:164)
	at org.openqa.selenium.remote.service.DriverCommandExecutor.execute(DriverCommandExecutor.java:83)
	at org.openqa.selenium.remote.RemoteWebDriver.execute(RemoteWebDriver.java:586)
	at org.openqa.selenium.remote.RemoteWebDriver$RemoteWebDriverOptions$RemoteTimeouts.implicitlyWait(RemoteWebDriver.java:820)
	at com.atmecs.falcon.automation.ui.selenium.WaitElement.implicitWait(WaitElement.java:71)
	at com.qa.automation.mystoreapplication.testscript.MyStoreOrder.confirmOrder(MyStoreOrder.java:106)
	at com.qa.automation.mystoreapplication.runner.TestNGRunner.main(TestNGRunner.java:58)
	at org.codehaus.mojo.exec.ExecJavaMojo$1.run(ExecJavaMojo.java:294)
	at java.lang.Thread.run(Thread.java:748)
... Removed 29 stack frames</div></td></tr></table><p class="totop"><a href="#summary">back to summary</a></p><h3 id="m3">com.qa.automation.mystoreapplication.testscript.MyStoreOrder#performCheckout</h3><table class="result"><tr><th>Messages</th></tr><tr><td><div class="messages">click on proceed to checkout button<br/>clicking on proceed to checkout button on summary page<br/>click on proceed to checkout button on address page<br/>Unexpected exception occur: Browsing context has been discarded
Build info: version: &apos;3.6.0&apos;, revision: &apos;6fbf3ec767&apos;, time: &apos;2017-09-27T15:28:36.4Z&apos;
System info: host: &apos;ATMECSINLT-269&apos;, ip: &apos;192.168.1.106&apos;, os.name: &apos;Windows 10&apos;, os.arch: &apos;amd64&apos;, os.version: &apos;10.0&apos;, java.version: &apos;1.8.0_191&apos;
Driver info: org.openqa.selenium.firefox.FirefoxDriver
Capabilities [{moz:profile=C:\Users\mir.ali\AppData\Local\Temp\rust_mozprofileRfwKwx, rotatable=false, moz:geckodriverVersion=0.26.0, timeouts={implicit=0, pageLoad=300000, script=30000}, pageLoadStrategy=normal, unhandledPromptBehavior=dismiss and notify, strictFileInteractability=false, moz:headless=false, platform=WINDOWS, moz:accessibilityChecks=false, moz:useNonSpecCompliantPointerOrigin=false, acceptInsecureCerts=true, browserVersion=74.0, moz:shutdownTimeout=60000, platformVersion=10.0, moz:processID=19232, browserName=firefox, moz:buildID=20200309095159, javascriptEnabled=true, platformName=WINDOWS, setWindowRect=true, moz:webdriverClick=true}]
Session ID: 8fd6722e-02f7-42b0-a037-e50c7c97ee68<br/>Unexpected exception occur: Browsing context has been discarded
Build info: version: &apos;3.6.0&apos;, revision: &apos;6fbf3ec767&apos;, time: &apos;2017-09-27T15:28:36.4Z&apos;
System info: host: &apos;ATMECSINLT-269&apos;, ip: &apos;192.168.1.106&apos;, os.name: &apos;Windows 10&apos;, os.arch: &apos;amd64&apos;, os.version: &apos;10.0&apos;, java.version: &apos;1.8.0_191&apos;
Driver info: org.openqa.selenium.firefox.FirefoxDriver
Capabilities [{moz:profile=C:\Users\mir.ali\AppData\Local\Temp\rust_mozprofileRfwKwx, rotatable=false, moz:geckodriverVersion=0.26.0, timeouts={implicit=0, pageLoad=300000, script=30000}, pageLoadStrategy=normal, unhandledPromptBehavior=dismiss and notify, strictFileInteractability=false, moz:headless=false, platform=WINDOWS, moz:accessibilityChecks=false, moz:useNonSpecCompliantPointerOrigin=false, acceptInsecureCerts=true, browserVersion=74.0, moz:shutdownTimeout=60000, platformVersion=10.0, moz:processID=19232, browserName=firefox, moz:buildID=20200309095159, javascriptEnabled=true, platformName=WINDOWS, setWindowRect=true, moz:webdriverClick=true}]
Session ID: 8fd6722e-02f7-42b0-a037-e50c7c97ee68</div></td></tr><tr><th>Exception</th></tr><tr><td><div class="stacktrace">org.openqa.selenium.WebDriverException: Failed to convert data to an object
Build info: version: &apos;3.6.0&apos;, revision: &apos;6fbf3ec767&apos;, time: &apos;2017-09-27T15:28:36.4Z&apos;
System info: host: &apos;ATMECSINLT-269&apos;, ip: &apos;192.168.1.106&apos;, os.name: &apos;Windows 10&apos;, os.arch: &apos;amd64&apos;, os.version: &apos;10.0&apos;, java.version: &apos;1.8.0_191&apos;
Driver info: org.openqa.selenium.firefox.FirefoxDriver
Capabilities [{moz:profile=C:\Users\mir.ali\AppData\Local\Temp\rust_mozprofileRfwKwx, rotatable=false, moz:geckodriverVersion=0.26.0, timeouts={implicit=0, pageLoad=300000, script=30000}, pageLoadStrategy=normal, unhandledPromptBehavior=dismiss and notify, strictFileInteractability=false, moz:headless=false, platform=WINDOWS, moz:accessibilityChecks=false, moz:useNonSpecCompliantPointerOrigin=false, acceptInsecureCerts=true, browserVersion=74.0, moz:shutdownTimeout=60000, platformVersion=10.0, moz:processID=19232, browserName=firefox, moz:buildID=20200309095159, javascriptEnabled=true, platformName=WINDOWS, setWindowRect=true, moz:webdriverClick=true}]
Session ID: 8fd6722e-02f7-42b0-a037-e50c7c97ee68
*** Element info: {Using=name, value=processAddress}
	at org.openqa.selenium.remote.http.W3CHttpResponseCodec.createException(W3CHttpResponseCodec.java:185)
	at org.openqa.selenium.remote.http.W3CHttpResponseCodec.decode(W3CHttpResponseCodec.java:120)
	at org.openqa.selenium.remote.http.W3CHttpResponseCodec.decode(W3CHttpResponseCodec.java:49)
	at org.openqa.selenium.remote.HttpCommandExecutor.execute(HttpCommandExecutor.java:164)
	at org.openqa.selenium.remote.service.DriverCommandExecutor.execute(DriverCommandExecutor.java:83)
	at org.openqa.selenium.remote.RemoteWebDriver.execute(RemoteWebDriver.java:586)
	at org.openqa.selenium.remote.RemoteWebDriver.findElement(RemoteWebDriver.java:356)
	at org.openqa.selenium.remote.RemoteWebDriver.findElementByName(RemoteWebDriver.java:434)
	at org.openqa.selenium.By$ByName.findElement(By.java:303)
	at org.openqa.selenium.remote.RemoteWebDriver.findElement(RemoteWebDriver.java:348)
	at com.atmecs.falcon.automation.ui.selenium.Find.findElementByName(Find.java:42)
	at com.atmecs.falcon.automation.ui.selenium.Click.performClick(Click.java:123)
	at com.qa.automation.mystoreapplication.pages.CheckoutPage.checkOutAddress(CheckoutPage.java:70)
	at com.qa.automation.mystoreapplication.testscript.MyStoreOrder.performCheckout(MyStoreOrder.java:96)
	at com.qa.automation.mystoreapplication.runner.TestNGRunner.main(TestNGRunner.java:58)
	at org.codehaus.mojo.exec.ExecJavaMojo$1.run(ExecJavaMojo.java:294)
	at java.lang.Thread.run(Thread.java:748)
... Removed 29 stack frames</div></td></tr></table><p class="totop"><a href="#summary">back to summary</a></p><h3 id="m4">com.qa.automation.mystoreapplication.testscript.MyStoreOrder#verifyOrderDetails</h3><table class="result"><tr><th>Messages</th></tr><tr><td><div class="messages">click on user name link<br/>Unexpected exception occur: Tried to run command without establishing a connection
Build info: version: &apos;3.6.0&apos;, revision: &apos;6fbf3ec767&apos;, time: &apos;2017-09-27T15:28:36.4Z&apos;
System info: host: &apos;ATMECSINLT-269&apos;, ip: &apos;192.168.1.106&apos;, os.name: &apos;Windows 10&apos;, os.arch: &apos;amd64&apos;, os.version: &apos;10.0&apos;, java.version: &apos;1.8.0_191&apos;
Driver info: org.openqa.selenium.firefox.FirefoxDriver
Capabilities [{moz:profile=C:\Users\mir.ali\AppData\Local\Temp\rust_mozprofileRfwKwx, rotatable=false, moz:geckodriverVersion=0.26.0, timeouts={implicit=0, pageLoad=300000, script=30000}, pageLoadStrategy=normal, unhandledPromptBehavior=dismiss and notify, strictFileInteractability=false, moz:headless=false, platform=WINDOWS, moz:accessibilityChecks=false, moz:useNonSpecCompliantPointerOrigin=false, acceptInsecureCerts=true, browserVersion=74.0, moz:shutdownTimeout=60000, platformVersion=10.0, moz:processID=19232, browserName=firefox, moz:buildID=20200309095159, javascriptEnabled=true, platformName=WINDOWS, setWindowRect=true, moz:webdriverClick=true}]
Session ID: 8fd6722e-02f7-42b0-a037-e50c7c97ee68<br/>Unexpected exception occur: Tried to run command without establishing a connection
Build info: version: &apos;3.6.0&apos;, revision: &apos;6fbf3ec767&apos;, time: &apos;2017-09-27T15:28:36.4Z&apos;
System info: host: &apos;ATMECSINLT-269&apos;, ip: &apos;192.168.1.106&apos;, os.name: &apos;Windows 10&apos;, os.arch: &apos;amd64&apos;, os.version: &apos;10.0&apos;, java.version: &apos;1.8.0_191&apos;
Driver info: org.openqa.selenium.firefox.FirefoxDriver
Capabilities [{moz:profile=C:\Users\mir.ali\AppData\Local\Temp\rust_mozprofileRfwKwx, rotatable=false, moz:geckodriverVersion=0.26.0, timeouts={implicit=0, pageLoad=300000, script=30000}, pageLoadStrategy=normal, unhandledPromptBehavior=dismiss and notify, strictFileInteractability=false, moz:headless=false, platform=WINDOWS, moz:accessibilityChecks=false, moz:useNonSpecCompliantPointerOrigin=false, acceptInsecureCerts=true, browserVersion=74.0, moz:shutdownTimeout=60000, platformVersion=10.0, moz:processID=19232, browserName=firefox, moz:buildID=20200309095159, javascriptEnabled=true, platformName=WINDOWS, setWindowRect=true, moz:webdriverClick=true}]
Session ID: 8fd6722e-02f7-42b0-a037-e50c7c97ee68</div></td></tr><tr><th>Exception</th></tr><tr><td><div class="stacktrace">org.openqa.selenium.NoSuchSessionException: Tried to run command without establishing a connection
Build info: version: &apos;3.6.0&apos;, revision: &apos;6fbf3ec767&apos;, time: &apos;2017-09-27T15:28:36.4Z&apos;
System info: host: &apos;ATMECSINLT-269&apos;, ip: &apos;192.168.1.106&apos;, os.name: &apos;Windows 10&apos;, os.arch: &apos;amd64&apos;, os.version: &apos;10.0&apos;, java.version: &apos;1.8.0_191&apos;
Driver info: org.openqa.selenium.firefox.FirefoxDriver
Capabilities [{moz:profile=C:\Users\mir.ali\AppData\Local\Temp\rust_mozprofileRfwKwx, rotatable=false, moz:geckodriverVersion=0.26.0, timeouts={implicit=0, pageLoad=300000, script=30000}, pageLoadStrategy=normal, unhandledPromptBehavior=dismiss and notify, strictFileInteractability=false, moz:headless=false, platform=WINDOWS, moz:accessibilityChecks=false, moz:useNonSpecCompliantPointerOrigin=false, acceptInsecureCerts=true, browserVersion=74.0, moz:shutdownTimeout=60000, platformVersion=10.0, moz:processID=19232, browserName=firefox, moz:buildID=20200309095159, javascriptEnabled=true, platformName=WINDOWS, setWindowRect=true, moz:webdriverClick=true}]
Session ID: 8fd6722e-02f7-42b0-a037-e50c7c97ee68
*** Element info: {Using=xpath, value=//a[@class=&apos;account&apos;]}
	at org.openqa.selenium.remote.http.W3CHttpResponseCodec.createException(W3CHttpResponseCodec.java:185)
	at org.openqa.selenium.remote.http.W3CHttpResponseCodec.decode(W3CHttpResponseCodec.java:120)
	at org.openqa.selenium.remote.http.W3CHttpResponseCodec.decode(W3CHttpResponseCodec.java:49)
	at org.openqa.selenium.remote.HttpCommandExecutor.execute(HttpCommandExecutor.java:164)
	at org.openqa.selenium.remote.service.DriverCommandExecutor.execute(DriverCommandExecutor.java:83)
	at org.openqa.selenium.remote.RemoteWebDriver.execute(RemoteWebDriver.java:586)
	at org.openqa.selenium.remote.RemoteWebDriver.findElement(RemoteWebDriver.java:356)
	at org.openqa.selenium.remote.RemoteWebDriver.findElementByXPath(RemoteWebDriver.java:458)
	at org.openqa.selenium.By$ByXPath.findElement(By.java:361)
	at org.openqa.selenium.remote.RemoteWebDriver.findElement(RemoteWebDriver.java:348)
	at com.atmecs.falcon.automation.ui.selenium.Find.findElementByXpath(Find.java:73)
	at com.atmecs.falcon.automation.ui.selenium.Click.performClick(Click.java:132)
	at com.qa.automation.mystoreapplication.pages.HomePage.clickUserNameLink(HomePage.java:62)
	at com.qa.automation.mystoreapplication.testscript.MyStoreOrder.verifyOrderDetails(MyStoreOrder.java:117)
	at com.qa.automation.mystoreapplication.runner.TestNGRunner.main(TestNGRunner.java:58)
	at org.codehaus.mojo.exec.ExecJavaMojo$1.run(ExecJavaMojo.java:294)
	at java.lang.Thread.run(Thread.java:748)
... Removed 29 stack frames</div></td></tr></table><p class="totop"><a href="#summary">back to summary</a></p><h3 id="m5">com.qa.automation.mystoreapplication.testscript.MyStoreOrder#signIntoMyStore</h3><table class="result"><tr class="param"><th>Parameter #1</th><th>Parameter #2</th><th>Parameter #3</th><th>Parameter #4</th></tr><tr class="param stripe"><td>WIN</td><td>10</td><td>Firefox</td><td>74</td></tr><tr><th colspan="4">Messages</th></tr><tr><td colspan="4"><div class="messages">Opening browser: Firefox<br/>Maximizing browser window<br/>PASS : Verifying the login page title : ACTUAL : My Store 	EXPECTED :My Store<br/>clicking on sign in link<br/>enter the user name<br/>enter the password<br/>click on sign in button<br/>sign  in button is clicked<br/>PASS : verifying user first and last name : ACTUAL : test automation 	EXPECTED :test automation</div></td></tr></table><p class="totop"><a href="#summary">back to summary</a></p></body></html>